<?xml version="1.0" encoding="UTF-8"?>
<!-- Generated by org.testng.reporters.JUnitXMLReporter -->
<testsuite hostname="DESKTOP-04MOS7J" ignored="0" name="Test" tests="3" failures="0" timestamp="2020-02-29T11:55:33 IST" time="28.009" errors="0">
  <testcase name="invalidPassword" time="3.334" classname="com.qa.tests.LoginTests"/>
  <testcase name="invalidUserName" time="2.203" classname="com.qa.tests.LoginTests"/>
  <testcase name="validCredentials" time="4.09" classname="com.qa.tests.LoginTests"/>
</testsuite> <!-- Test -->
