<?xml version="1.0" encoding="UTF-8"?>
<!-- Generated by org.testng.reporters.JUnitXMLReporter -->
<testsuite hostname="DESKTOP-04MOS7J" ignored="0" name="Test" tests="3" failures="0" timestamp="2020-03-02T17:48:54 IST" time="100.005" errors="0">
  <testcase name="invalidPassword" time="5.176" classname="com.qa.tests.LoginTests"/>
  <testcase name="invalidUserName" time="2.372" classname="com.qa.tests.LoginTests"/>
  <testcase name="validCredentials" time="4.068" classname="com.qa.tests.LoginTests"/>
</testsuite> <!-- Test -->
