<?xml version="1.0" encoding="UTF-8"?>
<testng-results skipped="0" failed="0" ignored="0" total="3" passed="3">
  <reporter-output>
  </reporter-output>
  <suite name="Suite" duration-ms="28009" started-at="2020-02-29T11:55:05 IST" finished-at="2020-02-29T11:55:33 IST">
    <groups>
    </groups>
    <test name="Test" duration-ms="28009" started-at="2020-02-29T11:55:05 IST" finished-at="2020-02-29T11:55:33 IST">
      <class name="com.qa.tests.LoginTests">
        <test-method status="PASS" signature="beforeTest(java.lang.String, java.lang.String, java.lang.String)[pri:0, instance:com.qa.tests.LoginTests@77846d2c]" name="beforeTest" is-config="true" duration-ms="16451" started-at="2020-02-29T11:55:05 IST" finished-at="2020-02-29T11:55:22 IST">
          <params>
            <param index="0">
              <value>
                <![CDATA[Android]]>
              </value>
            </param>
            <param index="1">
              <value>
                <![CDATA[6.0]]>
              </value>
            </param>
            <param index="2">
              <value>
                <![CDATA[Nexus 5 API 23]]>
              </value>
            </param>
          </params>
          <reporter-output>
          </reporter-output>
        </test-method> <!-- beforeTest -->
        <test-method status="PASS" signature="beforeClass()[pri:0, instance:com.qa.tests.LoginTests@77846d2c]" name="beforeClass" is-config="true" duration-ms="0" started-at="2020-02-29T11:55:22 IST" finished-at="2020-02-29T11:55:22 IST">
          <reporter-output>
          </reporter-output>
        </test-method> <!-- beforeClass -->
        <test-method status="PASS" signature="beforeMethod(java.lang.reflect.Method)[pri:0, instance:com.qa.tests.LoginTests@77846d2c]" name="beforeMethod" is-config="true" duration-ms="438" started-at="2020-02-29T11:55:22 IST" finished-at="2020-02-29T11:55:22 IST">
          <params>
            <param index="0">
              <value>
                <![CDATA[public void com.qa.tests.LoginTests.invalidPassword()]]>
              </value>
            </param>
          </params>
          <reporter-output>
          </reporter-output>
        </test-method> <!-- beforeMethod -->
        <test-method status="PASS" signature="invalidPassword()[pri:0, instance:com.qa.tests.LoginTests@77846d2c]" name="invalidPassword" duration-ms="3334" started-at="2020-02-29T11:55:22 IST" finished-at="2020-02-29T11:55:25 IST">
          <reporter-output>
          </reporter-output>
        </test-method> <!-- invalidPassword -->
        <test-method status="PASS" signature="afterMethod()[pri:0, instance:com.qa.tests.LoginTests@77846d2c]" name="afterMethod" is-config="true" duration-ms="0" started-at="2020-02-29T11:55:25 IST" finished-at="2020-02-29T11:55:25 IST">
          <reporter-output>
          </reporter-output>
        </test-method> <!-- afterMethod -->
        <test-method status="PASS" signature="beforeMethod(java.lang.reflect.Method)[pri:0, instance:com.qa.tests.LoginTests@77846d2c]" name="beforeMethod" is-config="true" duration-ms="2" started-at="2020-02-29T11:55:25 IST" finished-at="2020-02-29T11:55:25 IST">
          <params>
            <param index="0">
              <value>
                <![CDATA[public void com.qa.tests.LoginTests.invalidUserName()]]>
              </value>
            </param>
          </params>
          <reporter-output>
          </reporter-output>
        </test-method> <!-- beforeMethod -->
        <test-method status="PASS" signature="invalidUserName()[pri:0, instance:com.qa.tests.LoginTests@77846d2c]" name="invalidUserName" duration-ms="2203" started-at="2020-02-29T11:55:25 IST" finished-at="2020-02-29T11:55:28 IST">
          <reporter-output>
          </reporter-output>
        </test-method> <!-- invalidUserName -->
        <test-method status="PASS" signature="afterMethod()[pri:0, instance:com.qa.tests.LoginTests@77846d2c]" name="afterMethod" is-config="true" duration-ms="1" started-at="2020-02-29T11:55:28 IST" finished-at="2020-02-29T11:55:28 IST">
          <reporter-output>
          </reporter-output>
        </test-method> <!-- afterMethod -->
        <test-method status="PASS" signature="beforeMethod(java.lang.reflect.Method)[pri:0, instance:com.qa.tests.LoginTests@77846d2c]" name="beforeMethod" is-config="true" duration-ms="2" started-at="2020-02-29T11:55:28 IST" finished-at="2020-02-29T11:55:28 IST">
          <params>
            <param index="0">
              <value>
                <![CDATA[public void com.qa.tests.LoginTests.validCredentials()]]>
              </value>
            </param>
          </params>
          <reporter-output>
          </reporter-output>
        </test-method> <!-- beforeMethod -->
        <test-method status="PASS" signature="validCredentials()[pri:0, instance:com.qa.tests.LoginTests@77846d2c]" name="validCredentials" duration-ms="4090" started-at="2020-02-29T11:55:28 IST" finished-at="2020-02-29T11:55:32 IST">
          <reporter-output>
          </reporter-output>
        </test-method> <!-- validCredentials -->
        <test-method status="PASS" signature="afterMethod()[pri:0, instance:com.qa.tests.LoginTests@77846d2c]" name="afterMethod" is-config="true" duration-ms="1" started-at="2020-02-29T11:55:32 IST" finished-at="2020-02-29T11:55:32 IST">
          <reporter-output>
          </reporter-output>
        </test-method> <!-- afterMethod -->
        <test-method status="PASS" signature="afterClass()[pri:0, instance:com.qa.tests.LoginTests@77846d2c]" name="afterClass" is-config="true" duration-ms="0" started-at="2020-02-29T11:55:32 IST" finished-at="2020-02-29T11:55:32 IST">
          <reporter-output>
          </reporter-output>
        </test-method> <!-- afterClass -->
        <test-method status="PASS" signature="afterTest()[pri:0, instance:com.qa.tests.LoginTests@77846d2c]" name="afterTest" is-config="true" duration-ms="1393" started-at="2020-02-29T11:55:32 IST" finished-at="2020-02-29T11:55:33 IST">
          <reporter-output>
          </reporter-output>
        </test-method> <!-- afterTest -->
      </class> <!-- com.qa.tests.LoginTests -->
    </test> <!-- Test -->
  </suite> <!-- Suite -->
</testng-results>
