<?xml version="1.0" encoding="UTF-8"?>
<testng-results skipped="0" failed="0" ignored="0" total="3" passed="3">
  <reporter-output>
  </reporter-output>
  <suite name="Suite" duration-ms="100005" started-at="2020-03-02T17:47:14 IST" finished-at="2020-03-02T17:48:54 IST">
    <groups>
    </groups>
    <test name="Test" duration-ms="100005" started-at="2020-03-02T17:47:14 IST" finished-at="2020-03-02T17:48:54 IST">
      <class name="com.qa.tests.LoginTests">
        <test-method status="PASS" signature="beforeTest(java.lang.String, java.lang.String, java.lang.String)[pri:0, instance:com.qa.tests.LoginTests@16f7c8c1]" name="beforeTest" is-config="true" duration-ms="84063" started-at="2020-03-02T17:47:14 IST" finished-at="2020-03-02T17:48:38 IST">
          <params>
            <param index="0">
              <value>
                <![CDATA[Android]]>
              </value>
            </param>
            <param index="1">
              <value>
                <![CDATA[6.0]]>
              </value>
            </param>
            <param index="2">
              <value>
                <![CDATA[Nexus 5 API 23]]>
              </value>
            </param>
          </params>
          <reporter-output>
          </reporter-output>
        </test-method> <!-- beforeTest -->
        <test-method status="PASS" signature="beforeClass()[pri:0, instance:com.qa.tests.LoginTests@16f7c8c1]" name="beforeClass" is-config="true" duration-ms="82" started-at="2020-03-02T17:48:38 IST" finished-at="2020-03-02T17:48:38 IST">
          <reporter-output>
          </reporter-output>
        </test-method> <!-- beforeClass -->
        <test-method status="PASS" signature="beforeMethod(java.lang.reflect.Method)[pri:0, instance:com.qa.tests.LoginTests@16f7c8c1]" name="beforeMethod" is-config="true" duration-ms="431" started-at="2020-03-02T17:48:38 IST" finished-at="2020-03-02T17:48:39 IST">
          <params>
            <param index="0">
              <value>
                <![CDATA[public void com.qa.tests.LoginTests.invalidPassword()]]>
              </value>
            </param>
          </params>
          <reporter-output>
          </reporter-output>
        </test-method> <!-- beforeMethod -->
        <test-method status="PASS" signature="invalidPassword()[pri:0, instance:com.qa.tests.LoginTests@16f7c8c1]" name="invalidPassword" duration-ms="5176" started-at="2020-03-02T17:48:39 IST" finished-at="2020-03-02T17:48:44 IST">
          <reporter-output>
          </reporter-output>
        </test-method> <!-- invalidPassword -->
        <test-method status="PASS" signature="afterMethod()[pri:0, instance:com.qa.tests.LoginTests@16f7c8c1]" name="afterMethod" is-config="true" duration-ms="1" started-at="2020-03-02T17:48:44 IST" finished-at="2020-03-02T17:48:44 IST">
          <reporter-output>
          </reporter-output>
        </test-method> <!-- afterMethod -->
        <test-method status="PASS" signature="beforeMethod(java.lang.reflect.Method)[pri:0, instance:com.qa.tests.LoginTests@16f7c8c1]" name="beforeMethod" is-config="true" duration-ms="2" started-at="2020-03-02T17:48:44 IST" finished-at="2020-03-02T17:48:44 IST">
          <params>
            <param index="0">
              <value>
                <![CDATA[public void com.qa.tests.LoginTests.invalidUserName()]]>
              </value>
            </param>
          </params>
          <reporter-output>
          </reporter-output>
        </test-method> <!-- beforeMethod -->
        <test-method status="PASS" signature="invalidUserName()[pri:0, instance:com.qa.tests.LoginTests@16f7c8c1]" name="invalidUserName" duration-ms="2372" started-at="2020-03-02T17:48:44 IST" finished-at="2020-03-02T17:48:46 IST">
          <reporter-output>
          </reporter-output>
        </test-method> <!-- invalidUserName -->
        <test-method status="PASS" signature="afterMethod()[pri:0, instance:com.qa.tests.LoginTests@16f7c8c1]" name="afterMethod" is-config="true" duration-ms="0" started-at="2020-03-02T17:48:46 IST" finished-at="2020-03-02T17:48:46 IST">
          <reporter-output>
          </reporter-output>
        </test-method> <!-- afterMethod -->
        <test-method status="PASS" signature="beforeMethod(java.lang.reflect.Method)[pri:0, instance:com.qa.tests.LoginTests@16f7c8c1]" name="beforeMethod" is-config="true" duration-ms="2" started-at="2020-03-02T17:48:46 IST" finished-at="2020-03-02T17:48:46 IST">
          <params>
            <param index="0">
              <value>
                <![CDATA[public void com.qa.tests.LoginTests.validCredentials()]]>
              </value>
            </param>
          </params>
          <reporter-output>
          </reporter-output>
        </test-method> <!-- beforeMethod -->
        <test-method status="PASS" signature="validCredentials()[pri:0, instance:com.qa.tests.LoginTests@16f7c8c1]" name="validCredentials" duration-ms="4068" started-at="2020-03-02T17:48:46 IST" finished-at="2020-03-02T17:48:50 IST">
          <reporter-output>
          </reporter-output>
        </test-method> <!-- validCredentials -->
        <test-method status="PASS" signature="afterMethod()[pri:0, instance:com.qa.tests.LoginTests@16f7c8c1]" name="afterMethod" is-config="true" duration-ms="1" started-at="2020-03-02T17:48:50 IST" finished-at="2020-03-02T17:48:50 IST">
          <reporter-output>
          </reporter-output>
        </test-method> <!-- afterMethod -->
        <test-method status="PASS" signature="afterClass()[pri:0, instance:com.qa.tests.LoginTests@16f7c8c1]" name="afterClass" is-config="true" duration-ms="0" started-at="2020-03-02T17:48:50 IST" finished-at="2020-03-02T17:48:50 IST">
          <reporter-output>
          </reporter-output>
        </test-method> <!-- afterClass -->
        <test-method status="PASS" signature="afterTest()[pri:0, instance:com.qa.tests.LoginTests@16f7c8c1]" name="afterTest" is-config="true" duration-ms="3680" started-at="2020-03-02T17:48:50 IST" finished-at="2020-03-02T17:48:54 IST">
          <reporter-output>
          </reporter-output>
        </test-method> <!-- afterTest -->
      </class> <!-- com.qa.tests.LoginTests -->
    </test> <!-- Test -->
  </suite> <!-- Suite -->
</testng-results>
